Added Component: Designator=J2(CLIFF_FC68131)
Add component (AddParameter): Name = "Availability"; Value = "Unavailable"; VariantName = "[No Variations]"
Add component (AddParameter): Name = "MF"; Value = "{'manufacturer': u'Cliff'}"; VariantName = "[No Variations]"
Add component (AddParameter): Name = "MP"; Value = "FC68131"; VariantName = "[No Variations]"
Add component (AddParameter): Name = "Package"; Value = "None"; VariantName = "[No Variations]"
Add component (AddParameter): Name = "Price"; Value = "None"; VariantName = "[No Variations]"
Add component (AddParameter): Name = "Value"; Value = ""; VariantName = "[No Variations]"
Added Component: Designator=LS1(XDCR_AI-4228-P-FP250-R)
Add component (AddParameter): Name = "Availability"; Value = "Unavailable"; VariantName = "[No Variations]"
Add component (AddParameter): Name = "MF"; Value = "{'manufacturer': u'PUI Audio'}"; VariantName = "[No Variations]"
Add component (AddParameter): Name = "MP"; Value = "AI-4228-P-FP250-R"; VariantName = "[No Variations]"
Add component (AddParameter): Name = "Package"; Value = "None"; VariantName = "[No Variations]"
Add component (AddParameter): Name = "Price"; Value = "None"; VariantName = "[No Variations]"
Add component (AddParameter): Name = "Value"; Value = ""; VariantName = "[No Variations]"
Added Pin To Net: NetName=LA Pin=J2-1
Added Pin To Net: NetName=RL Pin=J2-2
Added Pin To Net: NetName=LA Pin=J2-5
Added Pin To Net: NetName=GND Pin=LS1-N
Added Pin To Net: NetName=BUZZER Pin=LS1-P
Added Member To Class: ClassName=YakupTrkn1 Member=Component J2 FC68131
Added Member To Class: ClassName=YakupTrkn Member=Component LS1 AI-4228-P-FP250-R
Added Room: Name=YakupTrkn1
Added Room: Name=YakupTrkn2
Added Room: Name=YakupTrkn
